Arguments: 
  /usr/bin/node /usr/share/yarn/bin/yarn.js start

PATH: 
  /home/breno/Documents/omni/node_modules/.bin:/home/breno/bin:/home/breno/.local/bin:/usr/local/sbin:/usr/local/bin:/usr/sbin:/usr/bin:/sbin:/bin:/usr/games:/usr/local/games:/snap/bin:/home/breno/Android/Sdk/tools:/home/breno/Android/Sdk/platform-tools

Yarn version: 
  1.16.0

Node version: 
  11.13.0

Platform: 
  linux x64

Trace: 
  SyntaxError: /home/breno/Documents/omni/omni-api/package.json: Unexpected token } in JSON at position 940
      at JSON.parse (<anonymous>)
      at /usr/share/yarn/lib/cli.js:1625:59
      at Generator.next (<anonymous>)
      at step (/usr/share/yarn/lib/cli.js:304:30)
      at /usr/share/yarn/lib/cli.js:315:13

npm manifest: 
  {
    "name": "cashopera-api",
    "version": "0.0.1",
    "description": "API app for CashOpera",
    "main": "src/index.js",
    "scripts": {
      "test": "jest",
      "start": "./node_modules/.bin/nodemon -e js,graphql --exec babel-node .",
      "start-dev": "./node_modules/.bin/nodemon -e js,graphql --inspect=0.0.0.0:9229 --exec babel-node .",
      "seedDb": "./node_modules/.bin/babel-node src/seed/seed-db.js"
    },
    "author": "Breno Beierstedt da Rosa",
    "license": "MIT",
    "dependencies": {
      "@okgrow/graphql-scalars": "^0.4.5",
      "apollo-boost": "^0.1.22",
      "apollo-cache-inmemory": "^1.3.11",
      "apollo-client": "^2.4.7",
      "apollo-link-http": "^1.5.9",
      "apollo-server": "^2.3.1",
      "babel-cli": "^6.26.0",
      "babel-preset-env": "^1.7.0",
      "graphql-tag": "^2.10.0",
      "jsonwebtoken": "^8.5.1",
      "neo4j-driver": "^1.7.2",
      "neo4j-graphql-js": "^2.4.1",
      "node-fetch": "^2.3.0",
      "nodemon": "^1.18.9",
  
    },
    "devDependencies": {
      "graphql-tester": "^0.0.5",
      "husky": "^1.3.0",
      "jest": "^23.6.0",
      "lint-staged": "^8.1.0"
    },
    "husky": {
      "hooks": {
        "pre-commit": "lint-staged"
      }
    },
    "lint-staged": {
      "*.{js,json,css,md,graphql": [
        "prettier --write",
        "git add"
      ]
    }
  }

yarn manifest: 
  No manifest

Lockfile: 
  No lockfile
